[ 2016-10-24T07:13:32+08:00 ] ::1 /index.php/Admin/Login/index.html
INFO: [ app_init ] --START--
INFO: Run Behavior\BuildLiteBehavior [ RunTime:0.000014s ]
INFO: [ app_init ] --END-- [ RunTime:0.000336s ]
INFO: [ app_begin ] --START--
INFO: Run Behavior\ReadHtmlCacheBehavior [ RunTime:0.000836s ]
INFO: [ app_begin ] --END-- [ RunTime:0.000923s ]
INFO: [ view_parse ] --START--
INFO: [ template_filter ] --START--
INFO: Run Behavior\ContentReplaceBehavior [ RunTime:0.000055s ]
INFO: [ template_filter ] --END-- [ RunTime:0.000098s ]
INFO: Run Behavior\ParseTemplateBehavior [ RunTime:0.120545s ]
INFO: [ view_parse ] --END-- [ RunTime:0.120602s ]
INFO: [ view_filter ] --START--
INFO: Run Behavior\WriteHtmlCacheBehavior [ RunTime:0.000199s ]
INFO: [ view_filter ] --END-- [ RunTime:0.000225s ]
INFO: [ app_end ] --START--
INFO: Run Behavior\ShowPageTraceBehavior [ RunTime:0.000339s ]
INFO: [ app_end ] --END-- [ RunTime:0.000367s ]

[ 2016-10-24T07:13:43+08:00 ] ::1 /index.php/Admin/Login/index.html
INFO: [ app_init ] --START--
INFO: Run Behavior\BuildLiteBehavior [ RunTime:0.000012s ]
INFO: [ app_init ] --END-- [ RunTime:0.000394s ]
INFO: [ app_begin ] --START--
INFO: Run Behavior\ReadHtmlCacheBehavior [ RunTime:0.000730s ]
INFO: [ app_begin ] --END-- [ RunTime:0.000792s ]
SQL: SHOW COLUMNS FROM `users` [ RunTime:0.0226s ]
SQL: SELECT * FROM `users` WHERE `username` = 'admin' LIMIT 1   [ RunTime:0.0005s ]
SQL: UPDATE `users` SET `last_login`='1477264423',`logins`='18' WHERE `id` = 1 [ RunTime:0.0596s ]

[ 2016-10-24T07:13:46+08:00 ] ::1 /index.php/Admin/Index/index.html
INFO: [ app_init ] --START--
INFO: Run Behavior\BuildLiteBehavior [ RunTime:0.000015s ]
INFO: [ app_init ] --END-- [ RunTime:0.000411s ]
INFO: [ app_begin ] --START--
INFO: Run Behavior\ReadHtmlCacheBehavior [ RunTime:0.000518s ]
INFO: [ app_begin ] --END-- [ RunTime:0.000566s ]
SQL: SHOW COLUMNS FROM `backmenu` [ RunTime:0.0138s ]
SQL: SELECT * FROM `backmenu` WHERE `pid` = 0 AND `hide` = 0 ORDER BY sort ASC  [ RunTime:0.0010s ]
SQL: SELECT * FROM `backmenu` WHERE `pid` = 1 AND `hide` = 0 ORDER BY sort ASC  [ RunTime:0.0004s ]
SQL: SELECT * FROM `backmenu` WHERE `pid` = 2 AND `hide` = 0 ORDER BY sort ASC  [ RunTime:0.0003s ]
SQL: SELECT * FROM `backmenu` WHERE `pid` = 5 AND `hide` = 0 ORDER BY sort ASC  [ RunTime:0.0003s ]
SQL: SHOW COLUMNS FROM `users` [ RunTime:0.0077s ]
SQL: SELECT * FROM `users` LIMIT 1   [ RunTime:0.0006s ]
NOTIC: [8] Undefined index: uid D:\project\think3_2\App\Admin\Controller\BaseController.class.php 第 49 行.
SQL: SHOW COLUMNS FROM `roles_users` [ RunTime:0.0066s ]
SQL: SELECT `role_id` FROM `roles_users` WHERE `user_id` = null LIMIT 1   [ RunTime:0.0007s ]
INFO: [ view_parse ] --START--
INFO: [ template_filter ] --START--
INFO: Run Behavior\ContentReplaceBehavior [ RunTime:0.000334s ]
INFO: [ template_filter ] --END-- [ RunTime:0.000373s ]
NOTIC: [8] Use of undefined constant url - assumed 'url' D:\project\think3_2\Runtime\Cache\Admin\9df924d9a2d217daa77a359c5bee0c33.php 第 61 行.
NOTIC: [8] Use of undefined constant child - assumed 'child' D:\project\think3_2\Runtime\Cache\Admin\9df924d9a2d217daa77a359c5bee0c33.php 第 62 行.
NOTIC: [8] Use of undefined constant url - assumed 'url' D:\project\think3_2\Runtime\Cache\Admin\9df924d9a2d217daa77a359c5bee0c33.php 第 62 行.
NOTIC: [8] Use of undefined constant icon - assumed 'icon' D:\project\think3_2\Runtime\Cache\Admin\9df924d9a2d217daa77a359c5bee0c33.php 第 63 行.
NOTIC: [8] Use of undefined constant name - assumed 'name' D:\project\think3_2\Runtime\Cache\Admin\9df924d9a2d217daa77a359c5bee0c33.php 第 63 行.
NOTIC: [8] Use of undefined constant child - assumed 'child' D:\project\think3_2\Runtime\Cache\Admin\9df924d9a2d217daa77a359c5bee0c33.php 第 65 行.
NOTIC: [8] Use of undefined constant url - assumed 'url' D:\project\think3_2\Runtime\Cache\Admin\9df924d9a2d217daa77a359c5bee0c33.php 第 61 行.
NOTIC: [8] Use of undefined constant child - assumed 'child' D:\project\think3_2\Runtime\Cache\Admin\9df924d9a2d217daa77a359c5bee0c33.php 第 62 行.
NOTIC: [8] Use of undefined constant url - assumed 'url' D:\project\think3_2\Runtime\Cache\Admin\9df924d9a2d217daa77a359c5bee0c33.php 第 62 行.
NOTIC: [8] Use of undefined constant icon - assumed 'icon' D:\project\think3_2\Runtime\Cache\Admin\9df924d9a2d217daa77a359c5bee0c33.php 第 63 行.
NOTIC: [8] Use of undefined constant name - assumed 'name' D:\project\think3_2\Runtime\Cache\Admin\9df924d9a2d217daa77a359c5bee0c33.php 第 63 行.
NOTIC: [8] Use of undefined constant child - assumed 'child' D:\project\think3_2\Runtime\Cache\Admin\9df924d9a2d217daa77a359c5bee0c33.php 第 65 行.
NOTIC: [8] Use of undefined constant url - assumed 'url' D:\project\think3_2\Runtime\Cache\Admin\9df924d9a2d217daa77a359c5bee0c33.php 第 65 行.
NOTIC: [8] Use of undefined constant child - assumed 'child' D:\project\think3_2\Runtime\Cache\Admin\9df924d9a2d217daa77a359c5bee0c33.php 第 66 行.
NOTIC: [8] Use of undefined constant child - assumed 'child' D:\project\think3_2\Runtime\Cache\Admin\9df924d9a2d217daa77a359c5bee0c33.php 第 66 行.
NOTIC: [8] Use of undefined constant url - assumed 'url' D:\project\think3_2\Runtime\Cache\Admin\9df924d9a2d217daa77a359c5bee0c33.php 第 66 行.
NOTIC: [8] Use of undefined constant url - assumed 'url' D:\project\think3_2\Runtime\Cache\Admin\9df924d9a2d217daa77a359c5bee0c33.php 第 66 行.
NOTIC: [8] Use of undefined constant url - assumed 'url' D:\project\think3_2\Runtime\Cache\Admin\9df924d9a2d217daa77a359c5bee0c33.php 第 61 行.
NOTIC: [8] Use of undefined constant child - assumed 'child' D:\project\think3_2\Runtime\Cache\Admin\9df924d9a2d217daa77a359c5bee0c33.php 第 62 行.
NOTIC: [8] Use of undefined constant url - assumed 'url' D:\project\think3_2\Runtime\Cache\Admin\9df924d9a2d217daa77a359c5bee0c33.php 第 62 行.
NOTIC: [8] Use of undefined constant icon - assumed 'icon' D:\project\think3_2\Runtime\Cache\Admin\9df924d9a2d217daa77a359c5bee0c33.php 第 63 行.
NOTIC: [8] Use of undefined constant name - assumed 'name' D:\project\think3_2\Runtime\Cache\Admin\9df924d9a2d217daa77a359c5bee0c33.php 第 63 行.
NOTIC: [8] Use of undefined constant child - assumed 'child' D:\project\think3_2\Runtime\Cache\Admin\9df924d9a2d217daa77a359c5bee0c33.php 第 65 行.
NOTIC: [8] Use of undefined constant url - assumed 'url' D:\project\think3_2\Runtime\Cache\Admin\9df924d9a2d217daa77a359c5bee0c33.php 第 65 行.
NOTIC: [8] Use of undefined constant child - assumed 'child' D:\project\think3_2\Runtime\Cache\Admin\9df924d9a2d217daa77a359c5bee0c33.php 第 66 行.
NOTIC: [8] Use of undefined constant child - assumed 'child' D:\project\think3_2\Runtime\Cache\Admin\9df924d9a2d217daa77a359c5bee0c33.php 第 66 行.
NOTIC: [8] Use of undefined constant url - assumed 'url' D:\project\think3_2\Runtime\Cache\Admin\9df924d9a2d217daa77a359c5bee0c33.php 第 66 行.
NOTIC: [8] Use of undefined constant url - assumed 'url' D:\project\think3_2\Runtime\Cache\Admin\9df924d9a2d217daa77a359c5bee0c33.php 第 66 行.
NOTIC: [8] Use of undefined constant url - assumed 'url' D:\project\think3_2\Runtime\Cache\Admin\9df924d9a2d217daa77a359c5bee0c33.php 第 66 行.
INFO: Run Behavior\ParseTemplateBehavior [ RunTime:0.166377s ]
INFO: [ view_parse ] --END-- [ RunTime:0.166427s ]
INFO: [ view_filter ] --START--
INFO: Run Behavior\WriteHtmlCacheBehavior [ RunTime:0.000449s ]
INFO: [ view_filter ] --END-- [ RunTime:0.000497s ]
INFO: [ app_end ] --START--
INFO: Run Behavior\ShowPageTraceBehavior [ RunTime:0.000532s ]
INFO: [ app_end ] --END-- [ RunTime:0.000569s ]

[ 2016-10-24T07:13:46+08:00 ] ::1 /index.php/Admin/Index/img/thumbnail_george.jpg
INFO: [ app_init ] --START--
INFO: Run Behavior\BuildLiteBehavior [ RunTime:0.000017s ]
INFO: [ app_init ] --END-- [ RunTime:0.000480s ]

[ 2016-10-24T07:26:13+08:00 ] ::1 /index.php/Admin/Index/index.html
INFO: [ app_init ] --START--
INFO: Run Behavior\BuildLiteBehavior [ RunTime:0.000017s ]
INFO: [ app_init ] --END-- [ RunTime:0.002833s ]
INFO: [ app_begin ] --START--
INFO: Run Behavior\ReadHtmlCacheBehavior [ RunTime:0.001653s ]
INFO: [ app_begin ] --END-- [ RunTime:0.001734s ]
SQL: SHOW COLUMNS FROM `backmenu` [ RunTime:0.0067s ]
SQL: SELECT * FROM `backmenu` WHERE `pid` = 0 AND `hide` = 0 ORDER BY sort ASC  [ RunTime:0.0006s ]
SQL: SELECT * FROM `backmenu` WHERE `pid` = 1 AND `hide` = 0 ORDER BY sort ASC  [ RunTime:0.0003s ]
SQL: SELECT * FROM `backmenu` WHERE `pid` = 2 AND `hide` = 0 ORDER BY sort ASC  [ RunTime:0.0003s ]
SQL: SELECT * FROM `backmenu` WHERE `pid` = 5 AND `hide` = 0 ORDER BY sort ASC  [ RunTime:0.0003s ]
SQL: SHOW COLUMNS FROM `users` [ RunTime:0.0058s ]
SQL: SELECT * FROM `users` LIMIT 1   [ RunTime:0.0002s ]
NOTIC: [8] Undefined index: uid D:\project\think3_2\App\Admin\Controller\BaseController.class.php 第 49 行.
SQL: SHOW COLUMNS FROM `roles_users` [ RunTime:0.0081s ]
SQL: SELECT `role_id` FROM `roles_users` WHERE `user_id` = null LIMIT 1   [ RunTime:0.0003s ]
SQL: SHOW COLUMNS FROM `roles` [ RunTime:0.0042s ]
ERR: SQLSTATE[42000]: Syntax error or access violation: 1064 You have an error in your SQL syntax; check the manual that corresponds to your MySQL server version for the right syntax to use near ') LIMIT 1' at line 1
NOTIC: [8] Use of undefined constant ONETHINK_VERSION - assumed 'ONETHINK_VERSION' D:\project\think3_2\App\Admin\View\Base\exception.html 第 50 行.

[ 2016-10-24T07:26:36+08:00 ] ::1 /index.php/Admin/Index/index.html
INFO: [ app_init ] --START--
INFO: Run Behavior\BuildLiteBehavior [ RunTime:0.000011s ]
INFO: [ app_init ] --END-- [ RunTime:0.000347s ]
INFO: [ app_begin ] --START--
INFO: Run Behavior\ReadHtmlCacheBehavior [ RunTime:0.000359s ]
INFO: [ app_begin ] --END-- [ RunTime:0.000400s ]
SQL: SHOW COLUMNS FROM `backmenu` [ RunTime:0.0069s ]
SQL: SELECT * FROM `backmenu` WHERE `pid` = 0 AND `hide` = 0 ORDER BY sort ASC  [ RunTime:0.0004s ]
SQL: SELECT * FROM `backmenu` WHERE `pid` = 1 AND `hide` = 0 ORDER BY sort ASC  [ RunTime:0.0002s ]
SQL: SELECT * FROM `backmenu` WHERE `pid` = 2 AND `hide` = 0 ORDER BY sort ASC  [ RunTime:0.0002s ]
SQL: SELECT * FROM `backmenu` WHERE `pid` = 5 AND `hide` = 0 ORDER BY sort ASC  [ RunTime:0.0002s ]
SQL: SHOW COLUMNS FROM `users` [ RunTime:0.0097s ]
SQL: SELECT * FROM `users` LIMIT 1   [ RunTime:0.0004s ]
NOTIC: [8] Undefined index: uid D:\project\think3_2\App\Admin\Controller\BaseController.class.php 第 49 行.
SQL: SHOW COLUMNS FROM `roles_users` [ RunTime:0.0050s ]
SQL: SELECT `role_id` FROM `roles_users` WHERE `user_id` = null LIMIT 1   [ RunTime:0.0002s ]

[ 2016-10-24T07:27:22+08:00 ] ::1 /index.php/Admin/Index/index.html
INFO: [ app_init ] --START--
INFO: Run Behavior\BuildLiteBehavior [ RunTime:0.000014s ]
INFO: [ app_init ] --END-- [ RunTime:0.000448s ]
INFO: [ app_begin ] --START--
INFO: Run Behavior\ReadHtmlCacheBehavior [ RunTime:0.000369s ]
INFO: [ app_begin ] --END-- [ RunTime:0.000410s ]
SQL: SHOW COLUMNS FROM `backmenu` [ RunTime:0.0082s ]
SQL: SELECT * FROM `backmenu` WHERE `pid` = 0 AND `hide` = 0 ORDER BY sort ASC  [ RunTime:0.0004s ]
SQL: SELECT * FROM `backmenu` WHERE `pid` = 1 AND `hide` = 0 ORDER BY sort ASC  [ RunTime:0.0003s ]
SQL: SELECT * FROM `backmenu` WHERE `pid` = 2 AND `hide` = 0 ORDER BY sort ASC  [ RunTime:0.0005s ]
SQL: SELECT * FROM `backmenu` WHERE `pid` = 5 AND `hide` = 0 ORDER BY sort ASC  [ RunTime:0.0003s ]
SQL: SHOW COLUMNS FROM `users` [ RunTime:0.0062s ]
SQL: SELECT * FROM `users` WHERE `id` = 1 LIMIT 1   [ RunTime:0.0003s ]
SQL: SHOW COLUMNS FROM `roles_users` [ RunTime:0.0043s ]
SQL: SELECT `role_id` FROM `roles_users` WHERE `user_id` = 1 LIMIT 1   [ RunTime:0.0329s ]

[ 2016-10-24T07:27:30+08:00 ] ::1 /index.php/Admin/Index/index.html
INFO: [ app_init ] --START--
INFO: Run Behavior\BuildLiteBehavior [ RunTime:0.000016s ]
INFO: [ app_init ] --END-- [ RunTime:0.000499s ]
INFO: [ app_begin ] --START--
INFO: Run Behavior\ReadHtmlCacheBehavior [ RunTime:0.000458s ]
INFO: [ app_begin ] --END-- [ RunTime:0.000509s ]
SQL: SHOW COLUMNS FROM `backmenu` [ RunTime:0.0074s ]
SQL: SELECT * FROM `backmenu` WHERE `pid` = 0 AND `hide` = 0 ORDER BY sort ASC  [ RunTime:0.0003s ]
SQL: SELECT * FROM `backmenu` WHERE `pid` = 1 AND `hide` = 0 ORDER BY sort ASC  [ RunTime:0.0002s ]
SQL: SELECT * FROM `backmenu` WHERE `pid` = 2 AND `hide` = 0 ORDER BY sort ASC  [ RunTime:0.0002s ]
SQL: SELECT * FROM `backmenu` WHERE `pid` = 5 AND `hide` = 0 ORDER BY sort ASC  [ RunTime:0.0003s ]
SQL: SHOW COLUMNS FROM `users` [ RunTime:0.0078s ]
SQL: SELECT * FROM `users` WHERE `id` = 1 LIMIT 1   [ RunTime:0.0005s ]
SQL: SHOW COLUMNS FROM `roles_users` [ RunTime:0.0063s ]
SQL: SELECT `role_id` FROM `roles_users` WHERE `user_id` = 1 LIMIT 1   [ RunTime:0.0003s ]
SQL: SHOW COLUMNS FROM `roles` [ RunTime:0.0044s ]
ERR: SQLSTATE[42000]: Syntax error or access violation: 1064 You have an error in your SQL syntax; check the manual that corresponds to your MySQL server version for the right syntax to use near ') LIMIT 1' at line 1
NOTIC: [8] Use of undefined constant ONETHINK_VERSION - assumed 'ONETHINK_VERSION' D:\project\think3_2\App\Admin\View\Base\exception.html 第 50 行.

[ 2016-10-24T07:30:51+08:00 ] ::1 /index.php/Admin/Index/index.html
INFO: [ app_init ] --START--
INFO: Run Behavior\BuildLiteBehavior [ RunTime:0.000056s ]
INFO: [ app_init ] --END-- [ RunTime:0.000775s ]
INFO: [ app_begin ] --START--
INFO: Run Behavior\ReadHtmlCacheBehavior [ RunTime:0.001064s ]
INFO: [ app_begin ] --END-- [ RunTime:0.001151s ]
SQL: SHOW COLUMNS FROM `backmenu` [ RunTime:0.0064s ]
SQL: SELECT * FROM `backmenu` WHERE `pid` = 0 AND `hide` = 0 ORDER BY sort ASC  [ RunTime:0.0004s ]
SQL: SELECT * FROM `backmenu` WHERE `pid` = 1 AND `hide` = 0 ORDER BY sort ASC  [ RunTime:0.0004s ]
SQL: SELECT * FROM `backmenu` WHERE `pid` = 2 AND `hide` = 0 ORDER BY sort ASC  [ RunTime:0.0010s ]
SQL: SELECT * FROM `backmenu` WHERE `pid` = 5 AND `hide` = 0 ORDER BY sort ASC  [ RunTime:0.0012s ]
SQL: SHOW COLUMNS FROM `users` [ RunTime:0.0060s ]
SQL: SELECT * FROM `users` WHERE `id` = 1 LIMIT 1   [ RunTime:0.0003s ]
INFO: [ view_parse ] --START--
INFO: [ template_filter ] --START--
INFO: Run Behavior\ContentReplaceBehavior [ RunTime:0.000609s ]
INFO: [ template_filter ] --END-- [ RunTime:0.000713s ]
NOTIC: [8] Use of undefined constant url - assumed 'url' D:\project\think3_2\Runtime\Cache\Admin\9df924d9a2d217daa77a359c5bee0c33.php 第 61 行.
NOTIC: [8] Use of undefined constant child - assumed 'child' D:\project\think3_2\Runtime\Cache\Admin\9df924d9a2d217daa77a359c5bee0c33.php 第 62 行.
NOTIC: [8] Use of undefined constant url - assumed 'url' D:\project\think3_2\Runtime\Cache\Admin\9df924d9a2d217daa77a359c5bee0c33.php 第 62 行.
NOTIC: [8] Use of undefined constant icon - assumed 'icon' D:\project\think3_2\Runtime\Cache\Admin\9df924d9a2d217daa77a359c5bee0c33.php 第 63 行.
NOTIC: [8] Use of undefined constant name - assumed 'name' D:\project\think3_2\Runtime\Cache\Admin\9df924d9a2d217daa77a359c5bee0c33.php 第 63 行.
NOTIC: [8] Use of undefined constant child - assumed 'child' D:\project\think3_2\Runtime\Cache\Admin\9df924d9a2d217daa77a359c5bee0c33.php 第 65 行.
NOTIC: [8] Use of undefined constant url - assumed 'url' D:\project\think3_2\Runtime\Cache\Admin\9df924d9a2d217daa77a359c5bee0c33.php 第 61 行.
NOTIC: [8] Use of undefined constant child - assumed 'child' D:\project\think3_2\Runtime\Cache\Admin\9df924d9a2d217daa77a359c5bee0c33.php 第 62 行.
NOTIC: [8] Use of undefined constant url - assumed 'url' D:\project\think3_2\Runtime\Cache\Admin\9df924d9a2d217daa77a359c5bee0c33.php 第 62 行.
NOTIC: [8] Use of undefined constant icon - assumed 'icon' D:\project\think3_2\Runtime\Cache\Admin\9df924d9a2d217daa77a359c5bee0c33.php 第 63 行.
NOTIC: [8] Use of undefined constant name - assumed 'name' D:\project\think3_2\Runtime\Cache\Admin\9df924d9a2d217daa77a359c5bee0c33.php 第 63 行.
NOTIC: [8] Use of undefined constant child - assumed 'child' D:\project\think3_2\Runtime\Cache\Admin\9df924d9a2d217daa77a359c5bee0c33.php 第 65 行.
NOTIC: [8] Use of undefined constant url - assumed 'url' D:\project\think3_2\Runtime\Cache\Admin\9df924d9a2d217daa77a359c5bee0c33.php 第 65 行.
NOTIC: [8] Use of undefined constant child - assumed 'child' D:\project\think3_2\Runtime\Cache\Admin\9df924d9a2d217daa77a359c5bee0c33.php 第 66 行.
NOTIC: [8] Use of undefined constant child - assumed 'child' D:\project\think3_2\Runtime\Cache\Admin\9df924d9a2d217daa77a359c5bee0c33.php 第 66 行.
NOTIC: [8] Use of undefined constant url - assumed 'url' D:\project\think3_2\Runtime\Cache\Admin\9df924d9a2d217daa77a359c5bee0c33.php 第 66 行.
NOTIC: [8] Use of undefined constant url - assumed 'url' D:\project\think3_2\Runtime\Cache\Admin\9df924d9a2d217daa77a359c5bee0c33.php 第 66 行.
NOTIC: [8] Use of undefined constant url - assumed 'url' D:\project\think3_2\Runtime\Cache\Admin\9df924d9a2d217daa77a359c5bee0c33.php 第 61 行.
NOTIC: [8] Use of undefined constant child - assumed 'child' D:\project\think3_2\Runtime\Cache\Admin\9df924d9a2d217daa77a359c5bee0c33.php 第 62 行.
NOTIC: [8] Use of undefined constant url - assumed 'url' D:\project\think3_2\Runtime\Cache\Admin\9df924d9a2d217daa77a359c5bee0c33.php 第 62 行.
NOTIC: [8] Use of undefined constant icon - assumed 'icon' D:\project\think3_2\Runtime\Cache\Admin\9df924d9a2d217daa77a359c5bee0c33.php 第 63 行.
NOTIC: [8] Use of undefined constant name - assumed 'name' D:\project\think3_2\Runtime\Cache\Admin\9df924d9a2d217daa77a359c5bee0c33.php 第 63 行.
NOTIC: [8] Use of undefined constant child - assumed 'child' D:\project\think3_2\Runtime\Cache\Admin\9df924d9a2d217daa77a359c5bee0c33.php 第 65 行.
NOTIC: [8] Use of undefined constant url - assumed 'url' D:\project\think3_2\Runtime\Cache\Admin\9df924d9a2d217daa77a359c5bee0c33.php 第 65 行.
NOTIC: [8] Use of undefined constant child - assumed 'child' D:\project\think3_2\Runtime\Cache\Admin\9df924d9a2d217daa77a359c5bee0c33.php 第 66 行.
NOTIC: [8] Use of undefined constant child - assumed 'child' D:\project\think3_2\Runtime\Cache\Admin\9df924d9a2d217daa77a359c5bee0c33.php 第 66 行.
NOTIC: [8] Use of undefined constant url - assumed 'url' D:\project\think3_2\Runtime\Cache\Admin\9df924d9a2d217daa77a359c5bee0c33.php 第 66 行.
NOTIC: [8] Use of undefined constant url - assumed 'url' D:\project\think3_2\Runtime\Cache\Admin\9df924d9a2d217daa77a359c5bee0c33.php 第 66 行.
NOTIC: [8] Use of undefined constant url - assumed 'url' D:\project\think3_2\Runtime\Cache\Admin\9df924d9a2d217daa77a359c5bee0c33.php 第 66 行.
INFO: Run Behavior\ParseTemplateBehavior [ RunTime:0.029377s ]
INFO: [ view_parse ] --END-- [ RunTime:0.029444s ]
INFO: [ view_filter ] --START--
INFO: Run Behavior\WriteHtmlCacheBehavior [ RunTime:0.000738s ]
INFO: [ view_filter ] --END-- [ RunTime:0.000795s ]
INFO: [ app_end ] --START--
INFO: Run Behavior\ShowPageTraceBehavior [ RunTime:0.000990s ]
INFO: [ app_end ] --END-- [ RunTime:0.001058s ]

[ 2016-10-24T07:30:51+08:00 ] ::1 /index.php/Admin/Index/img/thumbnail_george.jpg
INFO: [ app_init ] --START--
INFO: Run Behavior\BuildLiteBehavior [ RunTime:0.000026s ]
INFO: [ app_init ] --END-- [ RunTime:0.001129s ]

[ 2016-10-24T07:30:51+08:00 ] ::1 /index.php/Admin/Index/img/thumbnail_george.jpg
INFO: [ app_init ] --START--
INFO: Run Behavior\BuildLiteBehavior [ RunTime:0.000016s ]
INFO: [ app_init ] --END-- [ RunTime:0.000510s ]

[ 2016-10-24T07:31:41+08:00 ] ::1 /index.php/Admin/Index/index.html
INFO: [ app_init ] --START--
INFO: Run Behavior\BuildLiteBehavior [ RunTime:0.000015s ]
INFO: [ app_init ] --END-- [ RunTime:0.000426s ]
INFO: [ app_begin ] --START--
INFO: Run Behavior\ReadHtmlCacheBehavior [ RunTime:0.000436s ]
INFO: [ app_begin ] --END-- [ RunTime:0.000490s ]
SQL: SHOW COLUMNS FROM `backmenu` [ RunTime:0.0062s ]
SQL: SELECT * FROM `backmenu` WHERE `pid` = 0 AND `hide` = 0 ORDER BY sort ASC  [ RunTime:0.0003s ]
SQL: SELECT * FROM `backmenu` WHERE `pid` = 1 AND `hide` = 0 ORDER BY sort ASC  [ RunTime:0.0002s ]
SQL: SELECT * FROM `backmenu` WHERE `pid` = 2 AND `hide` = 0 ORDER BY sort ASC  [ RunTime:0.0002s ]
SQL: SELECT * FROM `backmenu` WHERE `pid` = 5 AND `hide` = 0 ORDER BY sort ASC  [ RunTime:0.0004s ]
SQL: SHOW COLUMNS FROM `users` [ RunTime:0.0069s ]
SQL: SELECT * FROM `users` WHERE `id` = 1 LIMIT 1   [ RunTime:0.0005s ]
INFO: [ view_parse ] --START--
INFO: [ template_filter ] --START--
INFO: Run Behavior\ContentReplaceBehavior [ RunTime:0.000413s ]
INFO: [ template_filter ] --END-- [ RunTime:0.000473s ]
NOTIC: [8] Use of undefined constant url - assumed 'url' D:\project\think3_2\Runtime\Cache\Admin\9df924d9a2d217daa77a359c5bee0c33.php 第 61 行.
NOTIC: [8] Use of undefined constant child - assumed 'child' D:\project\think3_2\Runtime\Cache\Admin\9df924d9a2d217daa77a359c5bee0c33.php 第 62 行.
NOTIC: [8] Use of undefined constant url - assumed 'url' D:\project\think3_2\Runtime\Cache\Admin\9df924d9a2d217daa77a359c5bee0c33.php 第 62 行.
NOTIC: [8] Use of undefined constant icon - assumed 'icon' D:\project\think3_2\Runtime\Cache\Admin\9df924d9a2d217daa77a359c5bee0c33.php 第 63 行.
NOTIC: [8] Use of undefined constant name - assumed 'name' D:\project\think3_2\Runtime\Cache\Admin\9df924d9a2d217daa77a359c5bee0c33.php 第 63 行.
NOTIC: [8] Use of undefined constant child - assumed 'child' D:\project\think3_2\Runtime\Cache\Admin\9df924d9a2d217daa77a359c5bee0c33.php 第 65 行.
NOTIC: [8] Use of undefined constant url - assumed 'url' D:\project\think3_2\Runtime\Cache\Admin\9df924d9a2d217daa77a359c5bee0c33.php 第 61 行.
NOTIC: [8] Use of undefined constant child - assumed 'child' D:\project\think3_2\Runtime\Cache\Admin\9df924d9a2d217daa77a359c5bee0c33.php 第 62 行.
NOTIC: [8] Use of undefined constant url - assumed 'url' D:\project\think3_2\Runtime\Cache\Admin\9df924d9a2d217daa77a359c5bee0c33.php 第 62 行.
NOTIC: [8] Use of undefined constant icon - assumed 'icon' D:\project\think3_2\Runtime\Cache\Admin\9df924d9a2d217daa77a359c5bee0c33.php 第 63 行.
NOTIC: [8] Use of undefined constant name - assumed 'name' D:\project\think3_2\Runtime\Cache\Admin\9df924d9a2d217daa77a359c5bee0c33.php 第 63 行.
NOTIC: [8] Use of undefined constant child - assumed 'child' D:\project\think3_2\Runtime\Cache\Admin\9df924d9a2d217daa77a359c5bee0c33.php 第 65 行.
NOTIC: [8] Use of undefined constant url - assumed 'url' D:\project\think3_2\Runtime\Cache\Admin\9df924d9a2d217daa77a359c5bee0c33.php 第 65 行.
NOTIC: [8] Use of undefined constant child - assumed 'child' D:\project\think3_2\Runtime\Cache\Admin\9df924d9a2d217daa77a359c5bee0c33.php 第 66 行.
NOTIC: [8] Use of undefined constant child - assumed 'child' D:\project\think3_2\Runtime\Cache\Admin\9df924d9a2d217daa77a359c5bee0c33.php 第 66 行.
NOTIC: [8] Use of undefined constant url - assumed 'url' D:\project\think3_2\Runtime\Cache\Admin\9df924d9a2d217daa77a359c5bee0c33.php 第 66 行.
NOTIC: [8] Use of undefined constant url - assumed 'url' D:\project\think3_2\Runtime\Cache\Admin\9df924d9a2d217daa77a359c5bee0c33.php 第 66 行.
NOTIC: [8] Use of undefined constant url - assumed 'url' D:\project\think3_2\Runtime\Cache\Admin\9df924d9a2d217daa77a359c5bee0c33.php 第 61 行.
NOTIC: [8] Use of undefined constant child - assumed 'child' D:\project\think3_2\Runtime\Cache\Admin\9df924d9a2d217daa77a359c5bee0c33.php 第 62 行.
NOTIC: [8] Use of undefined constant url - assumed 'url' D:\project\think3_2\Runtime\Cache\Admin\9df924d9a2d217daa77a359c5bee0c33.php 第 62 行.
NOTIC: [8] Use of undefined constant icon - assumed 'icon' D:\project\think3_2\Runtime\Cache\Admin\9df924d9a2d217daa77a359c5bee0c33.php 第 63 行.
NOTIC: [8] Use of undefined constant name - assumed 'name' D:\project\think3_2\Runtime\Cache\Admin\9df924d9a2d217daa77a359c5bee0c33.php 第 63 行.
NOTIC: [8] Use of undefined constant child - assumed 'child' D:\project\think3_2\Runtime\Cache\Admin\9df924d9a2d217daa77a359c5bee0c33.php 第 65 行.
NOTIC: [8] Use of undefined constant url - assumed 'url' D:\project\think3_2\Runtime\Cache\Admin\9df924d9a2d217daa77a359c5bee0c33.php 第 65 行.
NOTIC: [8] Use of undefined constant child - assumed 'child' D:\project\think3_2\Runtime\Cache\Admin\9df924d9a2d217daa77a359c5bee0c33.php 第 66 行.
NOTIC: [8] Use of undefined constant child - assumed 'child' D:\project\think3_2\Runtime\Cache\Admin\9df924d9a2d217daa77a359c5bee0c33.php 第 66 行.
NOTIC: [8] Use of undefined constant url - assumed 'url' D:\project\think3_2\Runtime\Cache\Admin\9df924d9a2d217daa77a359c5bee0c33.php 第 66 行.
NOTIC: [8] Use of undefined constant url - assumed 'url' D:\project\think3_2\Runtime\Cache\Admin\9df924d9a2d217daa77a359c5bee0c33.php 第 66 行.
NOTIC: [8] Use of undefined constant url - assumed 'url' D:\project\think3_2\Runtime\Cache\Admin\9df924d9a2d217daa77a359c5bee0c33.php 第 66 行.
INFO: Run Behavior\ParseTemplateBehavior [ RunTime:0.022285s ]
INFO: [ view_parse ] --END-- [ RunTime:0.022339s ]
INFO: [ view_filter ] --START--
INFO: Run Behavior\WriteHtmlCacheBehavior [ RunTime:0.000282s ]
INFO: [ view_filter ] --END-- [ RunTime:0.000317s ]
INFO: [ app_end ] --START--
INFO: Run Behavior\ShowPageTraceBehavior [ RunTime:0.000520s ]
INFO: [ app_end ] --END-- [ RunTime:0.000569s ]

[ 2016-10-24T07:31:41+08:00 ] ::1 /index.php/Admin/Index/img/thumbnail_george.jpg
INFO: [ app_init ] --START--
INFO: Run Behavior\BuildLiteBehavior [ RunTime:0.000019s ]
INFO: [ app_init ] --END-- [ RunTime:0.000586s ]

[ 2016-10-24T07:31:41+08:00 ] ::1 /index.php/Admin/Index/img/thumbnail_george.jpg
INFO: [ app_init ] --START--
INFO: Run Behavior\BuildLiteBehavior [ RunTime:0.000291s ]
INFO: [ app_init ] --END-- [ RunTime:0.001519s ]

[ 2016-10-24T07:36:24+08:00 ] ::1 /index.php/Admin/Index/index.html
INFO: [ app_init ] --START--
INFO: Run Behavior\BuildLiteBehavior [ RunTime:0.000011s ]
INFO: [ app_init ] --END-- [ RunTime:0.000408s ]
INFO: [ app_begin ] --START--
INFO: Run Behavior\ReadHtmlCacheBehavior [ RunTime:0.000882s ]
INFO: [ app_begin ] --END-- [ RunTime:0.000948s ]
SQL: SHOW COLUMNS FROM `backmenu` [ RunTime:0.0076s ]
SQL: SELECT * FROM `backmenu` WHERE `pid` = 0 AND `hide` = 0 ORDER BY sort ASC  [ RunTime:0.0005s ]
SQL: SELECT * FROM `backmenu` WHERE `pid` = 1 AND `hide` = 0 ORDER BY sort ASC  [ RunTime:0.0003s ]
SQL: SELECT * FROM `backmenu` WHERE `pid` = 2 AND `hide` = 0 ORDER BY sort ASC  [ RunTime:0.0004s ]
SQL: SELECT * FROM `backmenu` WHERE `pid` = 5 AND `hide` = 0 ORDER BY sort ASC  [ RunTime:0.0004s ]
SQL: SHOW COLUMNS FROM `users` [ RunTime:0.0073s ]
SQL: SELECT * FROM `users` WHERE `id` = 1 LIMIT 1   [ RunTime:0.0003s ]
INFO: [ view_parse ] --START--
INFO: [ template_filter ] --START--
INFO: Run Behavior\ContentReplaceBehavior [ RunTime:0.000329s ]
INFO: [ template_filter ] --END-- [ RunTime:0.000378s ]
NOTIC: [8] Use of undefined constant url - assumed 'url' D:\project\think3_2\Runtime\Cache\Admin\9df924d9a2d217daa77a359c5bee0c33.php 第 61 行.
NOTIC: [8] Use of undefined constant child - assumed 'child' D:\project\think3_2\Runtime\Cache\Admin\9df924d9a2d217daa77a359c5bee0c33.php 第 62 行.
NOTIC: [8] Use of undefined constant url - assumed 'url' D:\project\think3_2\Runtime\Cache\Admin\9df924d9a2d217daa77a359c5bee0c33.php 第 62 行.
NOTIC: [8] Use of undefined constant icon - assumed 'icon' D:\project\think3_2\Runtime\Cache\Admin\9df924d9a2d217daa77a359c5bee0c33.php 第 63 行.
NOTIC: [8] Use of undefined constant name - assumed 'name' D:\project\think3_2\Runtime\Cache\Admin\9df924d9a2d217daa77a359c5bee0c33.php 第 63 行.
NOTIC: [8] Use of undefined constant child - assumed 'child' D:\project\think3_2\Runtime\Cache\Admin\9df924d9a2d217daa77a359c5bee0c33.php 第 65 行.
NOTIC: [8] Use of undefined constant url - assumed 'url' D:\project\think3_2\Runtime\Cache\Admin\9df924d9a2d217daa77a359c5bee0c33.php 第 61 行.
NOTIC: [8] Use of undefined constant child - assumed 'child' D:\project\think3_2\Runtime\Cache\Admin\9df924d9a2d217daa77a359c5bee0c33.php 第 62 行.
NOTIC: [8] Use of undefined constant url - assumed 'url' D:\project\think3_2\Runtime\Cache\Admin\9df924d9a2d217daa77a359c5bee0c33.php 第 62 行.
NOTIC: [8] Use of undefined constant icon - assumed 'icon' D:\project\think3_2\Runtime\Cache\Admin\9df924d9a2d217daa77a359c5bee0c33.php 第 63 行.
NOTIC: [8] Use of undefined constant name - assumed 'name' D:\project\think3_2\Runtime\Cache\Admin\9df924d9a2d217daa77a359c5bee0c33.php 第 63 行.
NOTIC: [8] Use of undefined constant child - assumed 'child' D:\project\think3_2\Runtime\Cache\Admin\9df924d9a2d217daa77a359c5bee0c33.php 第 65 行.
NOTIC: [8] Use of undefined constant url - assumed 'url' D:\project\think3_2\Runtime\Cache\Admin\9df924d9a2d217daa77a359c5bee0c33.php 第 65 行.
NOTIC: [8] Use of undefined constant child - assumed 'child' D:\project\think3_2\Runtime\Cache\Admin\9df924d9a2d217daa77a359c5bee0c33.php 第 66 行.
NOTIC: [8] Use of undefined constant child - assumed 'child' D:\project\think3_2\Runtime\Cache\Admin\9df924d9a2d217daa77a359c5bee0c33.php 第 66 行.
NOTIC: [8] Use of undefined constant url - assumed 'url' D:\project\think3_2\Runtime\Cache\Admin\9df924d9a2d217daa77a359c5bee0c33.php 第 66 行.
NOTIC: [8] Use of undefined constant url - assumed 'url' D:\project\think3_2\Runtime\Cache\Admin\9df924d9a2d217daa77a359c5bee0c33.php 第 66 行.
NOTIC: [8] Use of undefined constant url - assumed 'url' D:\project\think3_2\Runtime\Cache\Admin\9df924d9a2d217daa77a359c5bee0c33.php 第 61 行.
NOTIC: [8] Use of undefined constant child - assumed 'child' D:\project\think3_2\Runtime\Cache\Admin\9df924d9a2d217daa77a359c5bee0c33.php 第 62 行.
NOTIC: [8] Use of undefined constant url - assumed 'url' D:\project\think3_2\Runtime\Cache\Admin\9df924d9a2d217daa77a359c5bee0c33.php 第 62 行.
NOTIC: [8] Use of undefined constant icon - assumed 'icon' D:\project\think3_2\Runtime\Cache\Admin\9df924d9a2d217daa77a359c5bee0c33.php 第 63 行.
NOTIC: [8] Use of undefined constant name - assumed 'name' D:\project\think3_2\Runtime\Cache\Admin\9df924d9a2d217daa77a359c5bee0c33.php 第 63 行.
NOTIC: [8] Use of undefined constant child - assumed 'child' D:\project\think3_2\Runtime\Cache\Admin\9df924d9a2d217daa77a359c5bee0c33.php 第 65 行.
NOTIC: [8] Use of undefined constant url - assumed 'url' D:\project\think3_2\Runtime\Cache\Admin\9df924d9a2d217daa77a359c5bee0c33.php 第 65 行.
NOTIC: [8] Use of undefined constant child - assumed 'child' D:\project\think3_2\Runtime\Cache\Admin\9df924d9a2d217daa77a359c5bee0c33.php 第 66 行.
NOTIC: [8] Use of undefined constant child - assumed 'child' D:\project\think3_2\Runtime\Cache\Admin\9df924d9a2d217daa77a359c5bee0c33.php 第 66 行.
NOTIC: [8] Use of undefined constant url - assumed 'url' D:\project\think3_2\Runtime\Cache\Admin\9df924d9a2d217daa77a359c5bee0c33.php 第 66 行.
NOTIC: [8] Use of undefined constant url - assumed 'url' D:\project\think3_2\Runtime\Cache\Admin\9df924d9a2d217daa77a359c5bee0c33.php 第 66 行.
NOTIC: [8] Use of undefined constant url - assumed 'url' D:\project\think3_2\Runtime\Cache\Admin\9df924d9a2d217daa77a359c5bee0c33.php 第 66 行.
INFO: Run Behavior\ParseTemplateBehavior [ RunTime:0.020909s ]
INFO: [ view_parse ] --END-- [ RunTime:0.020960s ]
INFO: [ view_filter ] --START--
INFO: Run Behavior\WriteHtmlCacheBehavior [ RunTime:0.000556s ]
INFO: [ view_filter ] --END-- [ RunTime:0.000602s ]
INFO: [ app_end ] --START--
INFO: Run Behavior\ShowPageTraceBehavior [ RunTime:0.001773s ]
INFO: [ app_end ] --END-- [ RunTime:0.001832s ]

[ 2016-10-24T07:36:24+08:00 ] ::1 /index.php/Admin/Index/img/thumbnail_george.jpg
INFO: [ app_init ] --START--
INFO: Run Behavior\BuildLiteBehavior [ RunTime:0.000016s ]
INFO: [ app_init ] --END-- [ RunTime:0.000460s ]

[ 2016-10-24T07:36:24+08:00 ] ::1 /index.php/Admin/Index/img/thumbnail_george.jpg
INFO: [ app_init ] --START--
INFO: Run Behavior\BuildLiteBehavior [ RunTime:0.000025s ]
INFO: [ app_init ] --END-- [ RunTime:0.000952s ]

[ 2016-10-24T07:36:27+08:00 ] ::1 /index.php/Admin/Rbac/editUser.html
INFO: [ app_init ] --START--
INFO: Run Behavior\BuildLiteBehavior [ RunTime:0.000010s ]
INFO: [ app_init ] --END-- [ RunTime:0.000317s ]
INFO: [ app_begin ] --START--
INFO: Run Behavior\ReadHtmlCacheBehavior [ RunTime:0.000362s ]
INFO: [ app_begin ] --END-- [ RunTime:0.000404s ]

[ 2016-10-24T07:36:46+08:00 ] ::1 /index.php/Admin/Rbac/editUser.html
INFO: [ app_init ] --START--
INFO: Run Behavior\BuildLiteBehavior [ RunTime:0.000009s ]
INFO: [ app_init ] --END-- [ RunTime:0.000275s ]
INFO: [ app_begin ] --START--
INFO: Run Behavior\ReadHtmlCacheBehavior [ RunTime:0.000318s ]
INFO: [ app_begin ] --END-- [ RunTime:0.000350s ]
SQL: SHOW COLUMNS FROM `backmenu` [ RunTime:0.0052s ]
SQL: SELECT * FROM `backmenu` WHERE `pid` = 0 AND `hide` = 0 ORDER BY sort ASC  [ RunTime:0.0003s ]
SQL: SELECT * FROM `backmenu` WHERE `pid` = 1 AND `hide` = 0 ORDER BY sort ASC  [ RunTime:0.0002s ]
SQL: SELECT * FROM `backmenu` WHERE `pid` = 2 AND `hide` = 0 ORDER BY sort ASC  [ RunTime:0.0003s ]
SQL: SELECT * FROM `backmenu` WHERE `pid` = 5 AND `hide` = 0 ORDER BY sort ASC  [ RunTime:0.0002s ]
SQL: SHOW COLUMNS FROM `users` [ RunTime:0.0099s ]
SQL: SELECT * FROM `users` WHERE `id` = 1 LIMIT 1   [ RunTime:0.0003s ]
SQL: SHOW COLUMNS FROM `users` [ RunTime:0.0047s ]
SQL: SELECT * FROM `users` WHERE ( id=1 ) LIMIT 1   [ RunTime:0.0003s ]
SQL: SHOW COLUMNS FROM `roles_users` [ RunTime:0.0050s ]
SQL: SELECT * FROM `roles_users` WHERE ( 1=1 AND user_id='1' )  [ RunTime:0.0003s ]
SQL: SHOW COLUMNS FROM `roles` [ RunTime:0.0061s ]
SQL: SELECT * FROM `roles`  [ RunTime:0.0003s ]
INFO: [ view_parse ] --START--
INFO: [ template_filter ] --START--
INFO: Run Behavior\ContentReplaceBehavior [ RunTime:0.000203s ]
INFO: [ template_filter ] --END-- [ RunTime:0.000245s ]
NOTIC: [8] Use of undefined constant url - assumed 'url' D:\project\think3_2\Runtime\Cache\Admin\70972a1baf6baf8e527ee5da1af326f0.php 第 61 行.
NOTIC: [8] Use of undefined constant child - assumed 'child' D:\project\think3_2\Runtime\Cache\Admin\70972a1baf6baf8e527ee5da1af326f0.php 第 62 行.
NOTIC: [8] Use of undefined constant url - assumed 'url' D:\project\think3_2\Runtime\Cache\Admin\70972a1baf6baf8e527ee5da1af326f0.php 第 62 行.
NOTIC: [8] Use of undefined constant icon - assumed 'icon' D:\project\think3_2\Runtime\Cache\Admin\70972a1baf6baf8e527ee5da1af326f0.php 第 63 行.
NOTIC: [8] Use of undefined constant name - assumed 'name' D:\project\think3_2\Runtime\Cache\Admin\70972a1baf6baf8e527ee5da1af326f0.php 第 63 行.
NOTIC: [8] Use of undefined constant child - assumed 'child' D:\project\think3_2\Runtime\Cache\Admin\70972a1baf6baf8e527ee5da1af326f0.php 第 65 行.
NOTIC: [8] Use of undefined constant url - assumed 'url' D:\project\think3_2\Runtime\Cache\Admin\70972a1baf6baf8e527ee5da1af326f0.php 第 61 行.
NOTIC: [8] Use of undefined constant child - assumed 'child' D:\project\think3_2\Runtime\Cache\Admin\70972a1baf6baf8e527ee5da1af326f0.php 第 62 行.
NOTIC: [8] Use of undefined constant url - assumed 'url' D:\project\think3_2\Runtime\Cache\Admin\70972a1baf6baf8e527ee5da1af326f0.php 第 62 行.
NOTIC: [8] Use of undefined constant icon - assumed 'icon' D:\project\think3_2\Runtime\Cache\Admin\70972a1baf6baf8e527ee5da1af326f0.php 第 63 行.
NOTIC: [8] Use of undefined constant name - assumed 'name' D:\project\think3_2\Runtime\Cache\Admin\70972a1baf6baf8e527ee5da1af326f0.php 第 63 行.
NOTIC: [8] Use of undefined constant child - assumed 'child' D:\project\think3_2\Runtime\Cache\Admin\70972a1baf6baf8e527ee5da1af326f0.php 第 65 行.
NOTIC: [8] Use of undefined constant url - assumed 'url' D:\project\think3_2\Runtime\Cache\Admin\70972a1baf6baf8e527ee5da1af326f0.php 第 65 行.
NOTIC: [8] Use of undefined constant child - assumed 'child' D:\project\think3_2\Runtime\Cache\Admin\70972a1baf6baf8e527ee5da1af326f0.php 第 66 行.
NOTIC: [8] Use of undefined constant child - assumed 'child' D:\project\think3_2\Runtime\Cache\Admin\70972a1baf6baf8e527ee5da1af326f0.php 第 66 行.
NOTIC: [8] Use of undefined constant url - assumed 'url' D:\project\think3_2\Runtime\Cache\Admin\70972a1baf6baf8e527ee5da1af326f0.php 第 66 行.
NOTIC: [8] Use of undefined constant url - assumed 'url' D:\project\think3_2\Runtime\Cache\Admin\70972a1baf6baf8e527ee5da1af326f0.php 第 66 行.
NOTIC: [8] Use of undefined constant url - assumed 'url' D:\project\think3_2\Runtime\Cache\Admin\70972a1baf6baf8e527ee5da1af326f0.php 第 61 行.
NOTIC: [8] Use of undefined constant child - assumed 'child' D:\project\think3_2\Runtime\Cache\Admin\70972a1baf6baf8e527ee5da1af326f0.php 第 62 行.
NOTIC: [8] Use of undefined constant url - assumed 'url' D:\project\think3_2\Runtime\Cache\Admin\70972a1baf6baf8e527ee5da1af326f0.php 第 62 行.
NOTIC: [8] Use of undefined constant icon - assumed 'icon' D:\project\think3_2\Runtime\Cache\Admin\70972a1baf6baf8e527ee5da1af326f0.php 第 63 行.
NOTIC: [8] Use of undefined constant name - assumed 'name' D:\project\think3_2\Runtime\Cache\Admin\70972a1baf6baf8e527ee5da1af326f0.php 第 63 行.
NOTIC: [8] Use of undefined constant child - assumed 'child' D:\project\think3_2\Runtime\Cache\Admin\70972a1baf6baf8e527ee5da1af326f0.php 第 65 行.
NOTIC: [8] Use of undefined constant url - assumed 'url' D:\project\think3_2\Runtime\Cache\Admin\70972a1baf6baf8e527ee5da1af326f0.php 第 65 行.
NOTIC: [8] Use of undefined constant child - assumed 'child' D:\project\think3_2\Runtime\Cache\Admin\70972a1baf6baf8e527ee5da1af326f0.php 第 66 行.
NOTIC: [8] Use of undefined constant child - assumed 'child' D:\project\think3_2\Runtime\Cache\Admin\70972a1baf6baf8e527ee5da1af326f0.php 第 66 行.
NOTIC: [8] Use of undefined constant url - assumed 'url' D:\project\think3_2\Runtime\Cache\Admin\70972a1baf6baf8e527ee5da1af326f0.php 第 66 行.
NOTIC: [8] Use of undefined constant url - assumed 'url' D:\project\think3_2\Runtime\Cache\Admin\70972a1baf6baf8e527ee5da1af326f0.php 第 66 行.
NOTIC: [8] Use of undefined constant url - assumed 'url' D:\project\think3_2\Runtime\Cache\Admin\70972a1baf6baf8e527ee5da1af326f0.php 第 66 行.
INFO: Run Behavior\ParseTemplateBehavior [ RunTime:0.014748s ]
INFO: [ view_parse ] --END-- [ RunTime:0.014797s ]
INFO: [ view_filter ] --START--
INFO: Run Behavior\WriteHtmlCacheBehavior [ RunTime:0.000331s ]
INFO: [ view_filter ] --END-- [ RunTime:0.000373s ]
INFO: [ app_end ] --START--
INFO: Run Behavior\ShowPageTraceBehavior [ RunTime:0.000571s ]
INFO: [ app_end ] --END-- [ RunTime:0.000620s ]

[ 2016-10-24T07:36:46+08:00 ] ::1 /index.php/Admin/Rbac/img/thumbnail_george.jpg
INFO: [ app_init ] --START--
INFO: Run Behavior\BuildLiteBehavior [ RunTime:0.000019s ]
INFO: [ app_init ] --END-- [ RunTime:0.000734s ]

[ 2016-10-24T07:38:41+08:00 ] ::1 /index.php/Admin/Rbac/editUser.html
INFO: [ app_init ] --START--
INFO: Run Behavior\BuildLiteBehavior [ RunTime:0.000010s ]
INFO: [ app_init ] --END-- [ RunTime:0.000352s ]
INFO: [ app_begin ] --START--
INFO: Run Behavior\ReadHtmlCacheBehavior [ RunTime:0.000620s ]
INFO: [ app_begin ] --END-- [ RunTime:0.000668s ]
SQL: SHOW COLUMNS FROM `backmenu` [ RunTime:0.0053s ]
SQL: SELECT * FROM `backmenu` WHERE `pid` = 0 AND `hide` = 0 ORDER BY sort ASC  [ RunTime:0.0003s ]
SQL: SELECT * FROM `backmenu` WHERE `pid` = 1 AND `hide` = 0 ORDER BY sort ASC  [ RunTime:0.0002s ]
SQL: SELECT * FROM `backmenu` WHERE `pid` = 2 AND `hide` = 0 ORDER BY sort ASC  [ RunTime:0.0002s ]
SQL: SELECT * FROM `backmenu` WHERE `pid` = 5 AND `hide` = 0 ORDER BY sort ASC  [ RunTime:0.0003s ]
SQL: SHOW COLUMNS FROM `users` [ RunTime:0.0062s ]
SQL: SELECT * FROM `users` WHERE `id` = 1 LIMIT 1   [ RunTime:0.0003s ]
SQL: SHOW COLUMNS FROM `users` [ RunTime:0.0045s ]
SQL: SELECT * FROM `users` WHERE ( id=1 ) LIMIT 1   [ RunTime:0.0003s ]
SQL: SHOW COLUMNS FROM `roles_users` [ RunTime:0.0056s ]
SQL: SELECT * FROM `roles_users` WHERE ( 1=1 AND user_id='1' )  [ RunTime:0.0003s ]
SQL: SHOW COLUMNS FROM `roles` [ RunTime:0.0044s ]
SQL: SELECT * FROM `roles`  [ RunTime:0.0002s ]
INFO: [ view_parse ] --START--
INFO: [ template_filter ] --START--
INFO: Run Behavior\ContentReplaceBehavior [ RunTime:0.000162s ]
INFO: [ template_filter ] --END-- [ RunTime:0.000200s ]
NOTIC: [8] Use of undefined constant url - assumed 'url' D:\project\think3_2\Runtime\Cache\Admin\70972a1baf6baf8e527ee5da1af326f0.php 第 61 行.
NOTIC: [8] Use of undefined constant child - assumed 'child' D:\project\think3_2\Runtime\Cache\Admin\70972a1baf6baf8e527ee5da1af326f0.php 第 62 行.
NOTIC: [8] Use of undefined constant url - assumed 'url' D:\project\think3_2\Runtime\Cache\Admin\70972a1baf6baf8e527ee5da1af326f0.php 第 62 行.
NOTIC: [8] Use of undefined constant icon - assumed 'icon' D:\project\think3_2\Runtime\Cache\Admin\70972a1baf6baf8e527ee5da1af326f0.php 第 63 行.
NOTIC: [8] Use of undefined constant name - assumed 'name' D:\project\think3_2\Runtime\Cache\Admin\70972a1baf6baf8e527ee5da1af326f0.php 第 63 行.
NOTIC: [8] Use of undefined constant child - assumed 'child' D:\project\think3_2\Runtime\Cache\Admin\70972a1baf6baf8e527ee5da1af326f0.php 第 65 行.
NOTIC: [8] Use of undefined constant url - assumed 'url' D:\project\think3_2\Runtime\Cache\Admin\70972a1baf6baf8e527ee5da1af326f0.php 第 61 行.
NOTIC: [8] Use of undefined constant child - assumed 'child' D:\project\think3_2\Runtime\Cache\Admin\70972a1baf6baf8e527ee5da1af326f0.php 第 62 行.
NOTIC: [8] Use of undefined constant url - assumed 'url' D:\project\think3_2\Runtime\Cache\Admin\70972a1baf6baf8e527ee5da1af326f0.php 第 62 行.
NOTIC: [8] Use of undefined constant icon - assumed 'icon' D:\project\think3_2\Runtime\Cache\Admin\70972a1baf6baf8e527ee5da1af326f0.php 第 63 行.
NOTIC: [8] Use of undefined constant name - assumed 'name' D:\project\think3_2\Runtime\Cache\Admin\70972a1baf6baf8e527ee5da1af326f0.php 第 63 行.
NOTIC: [8] Use of undefined constant child - assumed 'child' D:\project\think3_2\Runtime\Cache\Admin\70972a1baf6baf8e527ee5da1af326f0.php 第 65 行.
NOTIC: [8] Use of undefined constant url - assumed 'url' D:\project\think3_2\Runtime\Cache\Admin\70972a1baf6baf8e527ee5da1af326f0.php 第 65 行.
NOTIC: [8] Use of undefined constant child - assumed 'child' D:\project\think3_2\Runtime\Cache\Admin\70972a1baf6baf8e527ee5da1af326f0.php 第 66 行.
NOTIC: [8] Use of undefined constant child - assumed 'child' D:\project\think3_2\Runtime\Cache\Admin\70972a1baf6baf8e527ee5da1af326f0.php 第 66 行.
NOTIC: [8] Use of undefined constant url - assumed 'url' D:\project\think3_2\Runtime\Cache\Admin\70972a1baf6baf8e527ee5da1af326f0.php 第 66 行.
NOTIC: [8] Use of undefined constant url - assumed 'url' D:\project\think3_2\Runtime\Cache\Admin\70972a1baf6baf8e527ee5da1af326f0.php 第 66 行.
NOTIC: [8] Use of undefined constant url - assumed 'url' D:\project\think3_2\Runtime\Cache\Admin\70972a1baf6baf8e527ee5da1af326f0.php 第 61 行.
NOTIC: [8] Use of undefined constant child - assumed 'child' D:\project\think3_2\Runtime\Cache\Admin\70972a1baf6baf8e527ee5da1af326f0.php 第 62 行.
NOTIC: [8] Use of undefined constant url - assumed 'url' D:\project\think3_2\Runtime\Cache\Admin\70972a1baf6baf8e527ee5da1af326f0.php 第 62 行.
NOTIC: [8] Use of undefined constant icon - assumed 'icon' D:\project\think3_2\Runtime\Cache\Admin\70972a1baf6baf8e527ee5da1af326f0.php 第 63 行.
NOTIC: [8] Use of undefined constant name - assumed 'name' D:\project\think3_2\Runtime\Cache\Admin\70972a1baf6baf8e527ee5da1af326f0.php 第 63 行.
NOTIC: [8] Use of undefined constant child - assumed 'child' D:\project\think3_2\Runtime\Cache\Admin\70972a1baf6baf8e527ee5da1af326f0.php 第 65 行.
NOTIC: [8] Use of undefined constant url - assumed 'url' D:\project\think3_2\Runtime\Cache\Admin\70972a1baf6baf8e527ee5da1af326f0.php 第 65 行.
NOTIC: [8] Use of undefined constant child - assumed 'child' D:\project\think3_2\Runtime\Cache\Admin\70972a1baf6baf8e527ee5da1af326f0.php 第 66 行.
NOTIC: [8] Use of undefined constant child - assumed 'child' D:\project\think3_2\Runtime\Cache\Admin\70972a1baf6baf8e527ee5da1af326f0.php 第 66 行.
NOTIC: [8] Use of undefined constant url - assumed 'url' D:\project\think3_2\Runtime\Cache\Admin\70972a1baf6baf8e527ee5da1af326f0.php 第 66 行.
NOTIC: [8] Use of undefined constant url - assumed 'url' D:\project\think3_2\Runtime\Cache\Admin\70972a1baf6baf8e527ee5da1af326f0.php 第 66 行.
NOTIC: [8] Use of undefined constant url - assumed 'url' D:\project\think3_2\Runtime\Cache\Admin\70972a1baf6baf8e527ee5da1af326f0.php 第 66 行.
INFO: Run Behavior\ParseTemplateBehavior [ RunTime:0.014053s ]
INFO: [ view_parse ] --END-- [ RunTime:0.014088s ]
INFO: [ view_filter ] --START--
INFO: Run Behavior\WriteHtmlCacheBehavior [ RunTime:0.000401s ]
INFO: [ view_filter ] --END-- [ RunTime:0.000428s ]
INFO: [ app_end ] --START--
INFO: Run Behavior\ShowPageTraceBehavior [ RunTime:0.000500s ]
INFO: [ app_end ] --END-- [ RunTime:0.000532s ]

[ 2016-10-24T07:38:41+08:00 ] ::1 /index.php/Admin/Rbac/img/thumbnail_george.jpg
INFO: [ app_init ] --START--
INFO: Run Behavior\BuildLiteBehavior [ RunTime:0.000018s ]
INFO: [ app_init ] --END-- [ RunTime:0.001621s ]

[ 2016-10-24T07:38:42+08:00 ] ::1 /index.php/Admin/Rbac/img/thumbnail_george.jpg
INFO: [ app_init ] --START--
INFO: Run Behavior\BuildLiteBehavior [ RunTime:0.000016s ]
INFO: [ app_init ] --END-- [ RunTime:0.000447s ]

